Using pre-set license
Built from '2020.2/staging' branch; Version is '2020.2.3f1 (8ff31bc5bf5b) revision 9433883'; Using compiler version '192528614'; Build Type 'Release'
OS: 'Windows 10 Home Single Language; OS build 19042.867; Version 2009; 64bit' Language: 'en' Physical Memory: 8044 MB
BatchMode: 1, IsHumanControllingUs: 0, StartBugReporterOnCrash: 0, Is64bit: 1, IsPro: 0

 COMMAND LINE ARGUMENTS:
C:\Program Files\Unity\Hub\Editor\2020.2.3f1\Editor\Unity.exe
-adb2
-batchMode
-noUpm
-name
AssetImportWorker0
-projectPath
D:/Work/Unity Projects/VR Test
-logFile
Logs/AssetImportWorker0.log
-srvPort
51360
Successfully changed project path to: D:/Work/Unity Projects/VR Test
D:/Work/Unity Projects/VR Test
Using Asset Import Pipeline V2.
Refreshing native plugins compatible for Editor in 40.17 ms, found 0 plugins.
Preloading 0 native plugins for Editor in 0.00 ms.
Initialize engine version: 2020.2.3f1 (8ff31bc5bf5b)
[Subsystems] Discovering subsystems at path C:/Program Files/Unity/Hub/Editor/2020.2.3f1/Editor/Data/Resources/UnitySubsystems
[Subsystems] Discovering subsystems at path D:/Work/Unity Projects/VR Test/Assets
GfxDevice: creating device client; threaded=0
Direct3D:
    Version:  Direct3D 11.0 [level 11.1]
    Renderer: NVIDIA GeForce GTX 1650 (ID=0x1f91)
    Vendor:   
    VRAM:     3962 MB
    Driver:   26.21.14.4253
Initialize mono
Mono path[0] = 'C:/Program Files/Unity/Hub/Editor/2020.2.3f1/Editor/Data/Managed'
Mono path[1] = 'C:/Program Files/Unity/Hub/Editor/2020.2.3f1/Editor/Data/MonoBleedingEdge/lib/mono/unityjit'
Mono config path = 'C:/Program Files/Unity/Hub/Editor/2020.2.3f1/Editor/Data/MonoBleedingEdge/etc'
Using monoOptions --debugger-agent=transport=dt_socket,embedding=1,server=y,suspend=n,address=127.0.0.1:56704
Begin MonoManager ReloadAssembly
Registering precompiled unity dll's ...
Register platform support module: C:/Program Files/Unity/Hub/Editor/2020.2.3f1/Editor/Data/PlaybackEngines/WindowsStandaloneSupport/UnityEditor.WindowsStandalone.Extensions.dll
Registered in 0.001830 seconds.
Native extension for WindowsStandalone target not found
Refreshing native plugins compatible for Editor in 39.17 ms, found 0 plugins.
Preloading 0 native plugins for Editor in 0.00 ms.
Invoked RoslynAnalysisRunner static constructor.
RoslynAnalysisRunner will not be running.
RoslynAnalysisRunner has terminated.
Mono: successfully reloaded assembly
- Completed reload, in  1.649 seconds
Platform modules already initialized, skipping
Registering precompiled user dll's ...
Registered in 0.000901 seconds.
Begin MonoManager ReloadAssembly
Native extension for WindowsStandalone target not found
Refreshing native plugins compatible for Editor in 40.24 ms, found 0 plugins.
Preloading 0 native plugins for Editor in 0.00 ms.
Invoked RoslynAnalysisRunner static constructor.
RoslynAnalysisRunner will not be running.
RoslynAnalysisRunner has terminated.
Mono: successfully reloaded assembly
- Completed reload, in  0.903 seconds
Platform modules already initialized, skipping
========================================================================
Worker process is ready to serve import requests
Shader 'Universal Render Pipeline/Particles/Lit': fallback shader 'Universal Render Pipeline/Particles/SimpleLit' not found
Shader 'Universal Render Pipeline/Particles/Lit': fallback shader 'Universal Render Pipeline/Particles/SimpleLit' not found
Launched and connected shader compiler UnityShaderCompiler.exe after 0.04 seconds
Refreshing native plugins compatible for Editor in 0.40 ms, found 0 plugins.
Preloading 0 native plugins for Editor in 0.00 ms.
Unloading 2400 Unused Serialized files (Serialized files now loaded: 0)
System memory in use before: 112.5 MB.
System memory in use after: 110.4 MB.

Unloading 42 unused Assets to reduce memory usage. Loaded Objects now: 2813.
Total: 3.448900 ms (FindLiveObjects: 0.328800 ms CreateObjectMapping: 0.312500 ms MarkObjects: 1.705200 ms  DeleteObjects: 1.101100 ms)

========================================================================
Received Import Request.
  path: Assets/Scripts/SoundManager.cs
  artifactKey: Guid(79cfb2fb10a69df4d9e9e68d09224553) Importer(815301076,1909f56bfc062723c751e8b465ee728b)
Start importing Assets/Scripts/SoundManager.cs using Guid(79cfb2fb10a69df4d9e9e68d09224553) Importer(815301076,1909f56bfc062723c751e8b465ee728b)  -> (artifact id: 'e96875b486cde485769646665637b029') in 0.026138 seconds
  Import took 0.029555 seconds .

========================================================================
Received Prepare
Registering precompiled user dll's ...
Registered in 0.001043 seconds.
Begin MonoManager ReloadAssembly
Native extension for WindowsStandalone target not found
Refreshing native plugins compatible for Editor in 0.41 ms, found 0 plugins.
Preloading 0 native plugins for Editor in 0.00 ms.
Invoked RoslynAnalysisRunner static constructor.
RoslynAnalysisRunner will not be running.
RoslynAnalysisRunner has terminated.
Mono: successfully reloaded assembly
- Completed reload, in  0.893 seconds
Platform modules already initialized, skipping
Shader 'Universal Render Pipeline/Particles/Lit': fallback shader 'Universal Render Pipeline/Particles/SimpleLit' not found
Shader 'Universal Render Pipeline/Particles/Lit': fallback shader 'Universal Render Pipeline/Particles/SimpleLit' not found
Refreshing native plugins compatible for Editor in 0.77 ms, found 0 plugins.
Preloading 0 native plugins for Editor in 0.00 ms.
Unloading 2321 Unused Serialized files (Serialized files now loaded: 0)
System memory in use before: 109.2 MB.
System memory in use after: 107.1 MB.

Unloading 38 unused Assets to reduce memory usage. Loaded Objects now: 2814.
Total: 4.432500 ms (FindLiveObjects: 0.472000 ms CreateObjectMapping: 0.245500 ms MarkObjects: 2.429200 ms  DeleteObjects: 1.284300 ms)

========================================================================
Received Prepare
Registering precompiled user dll's ...
Registered in 0.000962 seconds.
Begin MonoManager ReloadAssembly
Native extension for WindowsStandalone target not found
Refreshing native plugins compatible for Editor in 0.38 ms, found 0 plugins.
Preloading 0 native plugins for Editor in 0.00 ms.
Invoked RoslynAnalysisRunner static constructor.
RoslynAnalysisRunner will not be running.
RoslynAnalysisRunner has terminated.
Mono: successfully reloaded assembly
- Completed reload, in  0.872 seconds
Platform modules already initialized, skipping
Shader 'Universal Render Pipeline/Particles/Lit': fallback shader 'Universal Render Pipeline/Particles/SimpleLit' not found
Shader 'Universal Render Pipeline/Particles/Lit': fallback shader 'Universal Render Pipeline/Particles/SimpleLit' not found
Refreshing native plugins compatible for Editor in 0.64 ms, found 0 plugins.
Preloading 0 native plugins for Editor in 0.00 ms.
Unloading 2322 Unused Serialized files (Serialized files now loaded: 0)
System memory in use before: 109.3 MB.
System memory in use after: 107.2 MB.

Unloading 37 unused Assets to reduce memory usage. Loaded Objects now: 2817.
Total: 4.486600 ms (FindLiveObjects: 0.303600 ms CreateObjectMapping: 0.113700 ms MarkObjects: 2.587400 ms  DeleteObjects: 1.480300 ms)

========================================================================
Received Import Request.
  Time since last request: 335.691611 seconds.
  path: Assets/Scripts/_SoundPlayer.cs
  artifactKey: Guid(0882805b4dff6584c910b2e96c2b1e62) Importer(815301076,1909f56bfc062723c751e8b465ee728b)
Start importing Assets/Scripts/_SoundPlayer.cs using Guid(0882805b4dff6584c910b2e96c2b1e62) Importer(815301076,1909f56bfc062723c751e8b465ee728b)  -> (artifact id: 'f90686d397f7bab2ce5dd1e353ce96a8') in 0.012420 seconds
  Import took 0.018503 seconds .

========================================================================
Received Import Request.
  Time since last request: 0.002851 seconds.
  path: Assets/Scripts/_SoundPlayer.cs
  artifactKey: Guid(0882805b4dff6584c910b2e96c2b1e62) Importer(815301076,1909f56bfc062723c751e8b465ee728b)
Start importing Assets/Scripts/_SoundPlayer.cs using Guid(0882805b4dff6584c910b2e96c2b1e62) Importer(815301076,1909f56bfc062723c751e8b465ee728b)  -> (artifact id: 'f90686d397f7bab2ce5dd1e353ce96a8') in 0.002167 seconds
  Import took 0.007566 seconds .

========================================================================
Received Prepare
Registering precompiled user dll's ...
Registered in 0.001091 seconds.
Begin MonoManager ReloadAssembly
Native extension for WindowsStandalone target not found
Refreshing native plugins compatible for Editor in 0.39 ms, found 0 plugins.
Preloading 0 native plugins for Editor in 0.00 ms.
Invoked RoslynAnalysisRunner static constructor.
RoslynAnalysisRunner will not be running.
RoslynAnalysisRunner has terminated.
Mono: successfully reloaded assembly
- Completed reload, in  0.869 seconds
Platform modules already initialized, skipping
Shader 'Universal Render Pipeline/Particles/Lit': fallback shader 'Universal Render Pipeline/Particles/SimpleLit' not found
Shader 'Universal Render Pipeline/Particles/Lit': fallback shader 'Universal Render Pipeline/Particles/SimpleLit' not found
Refreshing native plugins compatible for Editor in 0.37 ms, found 0 plugins.
Preloading 0 native plugins for Editor in 0.00 ms.
Unloading 2322 Unused Serialized files (Serialized files now loaded: 0)
System memory in use before: 109.3 MB.
System memory in use after: 107.2 MB.

Unloading 37 unused Assets to reduce memory usage. Loaded Objects now: 2819.
Total: 3.690800 ms (FindLiveObjects: 0.237200 ms CreateObjectMapping: 0.132600 ms MarkObjects: 1.811300 ms  DeleteObjects: 1.508600 ms)

========================================================================
Received Import Request.
  Time since last request: 100.319288 seconds.
  path: Assets/Audio
  artifactKey: Guid(d423f030e2364274b95b702ef57e2ab0) Importer(815301076,1909f56bfc062723c751e8b465ee728b)
Start importing Assets/Audio using Guid(d423f030e2364274b95b702ef57e2ab0) Importer(815301076,1909f56bfc062723c751e8b465ee728b)  -> (artifact id: '722236fbfeb09a0d07d5257f6fadc62e') in 0.011110 seconds
  Import took 0.017798 seconds .

========================================================================
Received Import Request.
  Time since last request: 0.001766 seconds.
  path: Assets/Audio
  artifactKey: Guid(d423f030e2364274b95b702ef57e2ab0) Importer(815301076,1909f56bfc062723c751e8b465ee728b)
Start importing Assets/Audio using Guid(d423f030e2364274b95b702ef57e2ab0) Importer(815301076,1909f56bfc062723c751e8b465ee728b)  -> (artifact id: '722236fbfeb09a0d07d5257f6fadc62e') in 0.002246 seconds
  Import took 0.006810 seconds .

========================================================================
Received Import Request.
  Time since last request: 13.626850 seconds.
  path: Assets/Audio/metal-sheet-hit 2.mp3
  artifactKey: Guid(f3a54ff51a643a94e8647facef8e2ff6) Importer(815301076,1909f56bfc062723c751e8b465ee728b)
Start importing Assets/Audio/metal-sheet-hit 2.mp3 using Guid(f3a54ff51a643a94e8647facef8e2ff6) Importer(815301076,1909f56bfc062723c751e8b465ee728b)  -> (artifact id: '535ee58552ba92275bf35c6caf57e669') in 0.085223 seconds
  Import took 0.090785 seconds .

========================================================================
Received Import Request.
  Time since last request: 0.000253 seconds.
  path: Assets/Audio/metal-sheet-hit 3.mp3
  artifactKey: Guid(35cc323df4044a04abd165cc4cd08f24) Importer(815301076,1909f56bfc062723c751e8b465ee728b)
Start importing Assets/Audio/metal-sheet-hit 3.mp3 using Guid(35cc323df4044a04abd165cc4cd08f24) Importer(815301076,1909f56bfc062723c751e8b465ee728b)  -> (artifact id: '3093e60bb90bc34044d9845296103f74') in 0.016816 seconds
  Import took 0.021648 seconds .

========================================================================
Received Import Request.
  Time since last request: 0.000395 seconds.
  path: Assets/Audio/metal-sheet-hit.mp3
  artifactKey: Guid(9256feb3d7b68b440bebcbf9a449a8a2) Importer(815301076,1909f56bfc062723c751e8b465ee728b)
Start importing Assets/Audio/metal-sheet-hit.mp3 using Guid(9256feb3d7b68b440bebcbf9a449a8a2) Importer(815301076,1909f56bfc062723c751e8b465ee728b)  -> (artifact id: '13f0acfc1bc4083067d03cb99d7d1481') in 0.021134 seconds
  Import took 0.027680 seconds .

========================================================================
Received Prepare
Registering precompiled user dll's ...
Registered in 0.001030 seconds.
Begin MonoManager ReloadAssembly
Native extension for WindowsStandalone target not found
Refreshing native plugins compatible for Editor in 0.42 ms, found 0 plugins.
Preloading 0 native plugins for Editor in 0.00 ms.
Invoked RoslynAnalysisRunner static constructor.
RoslynAnalysisRunner will not be running.
RoslynAnalysisRunner has terminated.
Mono: successfully reloaded assembly
- Completed reload, in  2.850 seconds
Platform modules already initialized, skipping
Shader 'Universal Render Pipeline/Particles/Lit': fallback shader 'Universal Render Pipeline/Particles/SimpleLit' not found
Shader 'Universal Render Pipeline/Particles/Lit': fallback shader 'Universal Render Pipeline/Particles/SimpleLit' not found
Refreshing native plugins compatible for Editor in 0.50 ms, found 0 plugins.
Preloading 0 native plugins for Editor in 0.00 ms.
Unloading 2322 Unused Serialized files (Serialized files now loaded: 0)
System memory in use before: 112.3 MB.
System memory in use after: 110.2 MB.

Unloading 37 unused Assets to reduce memory usage. Loaded Objects now: 2830.
Total: 4.108300 ms (FindLiveObjects: 0.259700 ms CreateObjectMapping: 0.113500 ms MarkObjects: 2.382900 ms  DeleteObjects: 1.350100 ms)

========================================================================
Received Prepare
Registering precompiled user dll's ...
Registered in 0.001018 seconds.
Begin MonoManager ReloadAssembly
Native extension for WindowsStandalone target not found
Refreshing native plugins compatible for Editor in 0.38 ms, found 0 plugins.
Preloading 0 native plugins for Editor in 0.00 ms.
Invoked RoslynAnalysisRunner static constructor.
RoslynAnalysisRunner will not be running.
RoslynAnalysisRunner has terminated.
Mono: successfully reloaded assembly
- Completed reload, in  0.902 seconds
Platform modules already initialized, skipping
Shader 'Universal Render Pipeline/Particles/Lit': fallback shader 'Universal Render Pipeline/Particles/SimpleLit' not found
Shader 'Universal Render Pipeline/Particles/Lit': fallback shader 'Universal Render Pipeline/Particles/SimpleLit' not found
Refreshing native plugins compatible for Editor in 0.60 ms, found 0 plugins.
Preloading 0 native plugins for Editor in 0.00 ms.
Unloading 2322 Unused Serialized files (Serialized files now loaded: 0)
System memory in use before: 112.2 MB.
System memory in use after: 110.1 MB.

Unloading 37 unused Assets to reduce memory usage. Loaded Objects now: 2832.
Total: 4.301900 ms (FindLiveObjects: 0.424100 ms CreateObjectMapping: 0.297800 ms MarkObjects: 2.100700 ms  DeleteObjects: 1.477800 ms)

========================================================================
Received Prepare
Registering precompiled user dll's ...
Registered in 0.001148 seconds.
Begin MonoManager ReloadAssembly
Native extension for WindowsStandalone target not found
Refreshing native plugins compatible for Editor in 0.38 ms, found 0 plugins.
Preloading 0 native plugins for Editor in 0.00 ms.
Invoked RoslynAnalysisRunner static constructor.
RoslynAnalysisRunner will not be running.
RoslynAnalysisRunner has terminated.
Mono: successfully reloaded assembly
- Completed reload, in  0.885 seconds
Platform modules already initialized, skipping
Shader 'Universal Render Pipeline/Particles/Lit': fallback shader 'Universal Render Pipeline/Particles/SimpleLit' not found
Shader 'Universal Render Pipeline/Particles/Lit': fallback shader 'Universal Render Pipeline/Particles/SimpleLit' not found
Refreshing native plugins compatible for Editor in 0.37 ms, found 0 plugins.
Preloading 0 native plugins for Editor in 0.00 ms.
Unloading 2322 Unused Serialized files (Serialized files now loaded: 0)
System memory in use before: 112.3 MB.
System memory in use after: 110.3 MB.

Unloading 37 unused Assets to reduce memory usage. Loaded Objects now: 2834.
Total: 3.583000 ms (FindLiveObjects: 0.336500 ms CreateObjectMapping: 0.179100 ms MarkObjects: 1.827700 ms  DeleteObjects: 1.238800 ms)

========================================================================
Received Prepare
Registering precompiled user dll's ...
Registered in 0.000997 seconds.
Begin MonoManager ReloadAssembly
Native extension for WindowsStandalone target not found
Refreshing native plugins compatible for Editor in 0.51 ms, found 0 plugins.
Preloading 0 native plugins for Editor in 0.00 ms.
Invoked RoslynAnalysisRunner static constructor.
RoslynAnalysisRunner will not be running.
RoslynAnalysisRunner has terminated.
Mono: successfully reloaded assembly
- Completed reload, in  1.097 seconds
Platform modules already initialized, skipping
Shader 'Universal Render Pipeline/Particles/Lit': fallback shader 'Universal Render Pipeline/Particles/SimpleLit' not found
Shader 'Universal Render Pipeline/Particles/Lit': fallback shader 'Universal Render Pipeline/Particles/SimpleLit' not found
Refreshing native plugins compatible for Editor in 1.12 ms, found 0 plugins.
Preloading 0 native plugins for Editor in 0.00 ms.
Unloading 2322 Unused Serialized files (Serialized files now loaded: 0)
System memory in use before: 112.4 MB.
System memory in use after: 110.3 MB.

Unloading 37 unused Assets to reduce memory usage. Loaded Objects now: 2836.
Total: 3.305200 ms (FindLiveObjects: 0.273400 ms CreateObjectMapping: 0.120200 ms MarkObjects: 1.557000 ms  DeleteObjects: 1.353500 ms)

